<?xml version="1.0" encoding="UTF-8"?>
<!-- Generated by org.testng.reporters.JUnitXMLReporter -->
<testsuite hostname="DESKTOP-9OTVNOD" failures="0" tests="4" name="Default test" time="34.528" errors="0" timestamp="11 Aug 2022 23:59:52 GMT">
  <testcase classname="script.StandardSigninScript" name="standardUserLogin" time="3.121"/>
  <testcase classname="script.StandardSigninScript" name="lockedOutUserLogin" time="1.002"/>
  <testcase classname="script.StandardSigninScript" name="problemUserLogin" time="1.113"/>
  <testcase classname="script.StandardSigninScript" name="performanceGlitchUserLogin" time="6.132"/>
</testsuite> <!-- Default test -->
