<?xml version="1.0" encoding="UTF-8"?>
<!-- Generated by org.testng.reporters.JUnitXMLReporter -->
<testsuite hostname="DESKTOP-9OTVNOD" failures="0" tests="4" name="Test" time="20.056" errors="0" timestamp="12 Aug 2022 00:09:56 GMT">
  <testcase classname="script.StandardSigninScript" name="standardUserLogin" time="3.692"/>
  <testcase classname="script.StandardSigninScript" name="lockedOutUserLogin" time="1.141"/>
  <testcase classname="script.StandardSigninScript" name="problemUserLogin" time="1.005"/>
  <testcase classname="script.StandardSigninScript" name="performanceGlitchUserLogin" time="6.16"/>
</testsuite> <!-- Test -->
