<?xml version="1.0" encoding="UTF-8"?>
<!-- Generated by org.testng.reporters.JUnitXMLReporter -->
<testsuite hostname="DESKTOP-9OTVNOD" failures="0" tests="4" name="Test" time="89.45" errors="0" timestamp="25 Aug 2022 23:53:41 GMT">
  <testcase classname="script.StandardSigninScript" name="standardUserLogin" time="5.389"/>
  <testcase classname="script.LockedSigninScript" name="lockedOutUserLogin" time="4.022"/>
  <testcase classname="script.ProblemSigninScript" name="problemUserLogin" time="3.15"/>
  <testcase classname="script.PerformanceSigninScript" name="performanceGlitchUserLogin" time="10.506"/>
</testsuite> <!-- Test -->
