<?xml version="1.0" encoding="UTF-8"?>
<testng-results total="2" passed="2" failed="0" skipped="0">
  <reporter-output>
  </reporter-output>
  <suite started-at="2022-08-10T01:23:30Z" name="Suite" finished-at="2022-08-10T01:24:06Z" duration-ms="35953">
    <groups>
    </groups>
    <test started-at="2022-08-10T01:23:30Z" name="standardUser" finished-at="2022-08-10T01:23:57Z" duration-ms="26757">
      <class name="script.DataDrivenSigninScript">
        <test-method is-config="true" signature="initialization()[pri:0, instance:script.DataDrivenSigninScript@421e361]" started-at="2022-08-09T21:23:30Z" name="initialization" finished-at="2022-08-09T21:23:49Z" duration-ms="18649" status="PASS">
          <reporter-output>
          </reporter-output>
        </test-method> <!-- initialization -->
        <test-method signature="userLogin(java.lang.String, java.lang.String)[pri:3, instance:script.DataDrivenSigninScript@421e361]" started-at="2022-08-09T21:23:49Z" name="userLogin" finished-at="2022-08-09T21:23:57Z" duration-ms="8076" status="PASS">
          <params>
            <param index="0">
              <value>
                <![CDATA[standard_user]]>
              </value>
            </param>
            <param index="1">
              <value>
                <![CDATA[secret_sauce]]>
              </value>
            </param>
          </params>
          <reporter-output>
          </reporter-output>
        </test-method> <!-- userLogin -->
        <test-method is-config="true" signature="closeBrowser()[pri:0, instance:script.DataDrivenSigninScript@421e361]" started-at="2022-08-09T21:23:57Z" name="closeBrowser" finished-at="2022-08-09T21:23:57Z" duration-ms="0" status="PASS">
          <reporter-output>
          </reporter-output>
        </test-method> <!-- closeBrowser -->
      </class> <!-- script.DataDrivenSigninScript -->
    </test> <!-- standardUser -->
    <test started-at="2022-08-10T01:23:30Z" name="problemUser" finished-at="2022-08-10T01:24:06Z" duration-ms="35943">
      <class name="script.DataDrivenSigninScript">
        <test-method is-config="true" signature="initialization()[pri:0, instance:script.DataDrivenSigninScript@7c51f34b]" started-at="2022-08-09T21:23:30Z" name="initialization" finished-at="2022-08-09T21:23:52Z" duration-ms="21847" status="PASS">
          <reporter-output>
          </reporter-output>
        </test-method> <!-- initialization -->
        <test-method signature="userLogin(java.lang.String, java.lang.String)[pri:3, instance:script.DataDrivenSigninScript@7c51f34b]" started-at="2022-08-09T21:23:52Z" name="userLogin" finished-at="2022-08-09T21:24:06Z" duration-ms="14086" status="PASS">
          <params>
            <param index="0">
              <value>
                <![CDATA[problem_user]]>
              </value>
            </param>
            <param index="1">
              <value>
                <![CDATA[secret_sauce]]>
              </value>
            </param>
          </params>
          <reporter-output>
          </reporter-output>
        </test-method> <!-- userLogin -->
        <test-method is-config="true" signature="closeBrowser()[pri:0, instance:script.DataDrivenSigninScript@7c51f34b]" started-at="2022-08-09T21:24:06Z" name="closeBrowser" finished-at="2022-08-09T21:24:06Z" duration-ms="1" status="PASS">
          <reporter-output>
          </reporter-output>
        </test-method> <!-- closeBrowser -->
      </class> <!-- script.DataDrivenSigninScript -->
    </test> <!-- problemUser -->
  </suite> <!-- Suite -->
</testng-results>
