<?xml version="1.0" encoding="UTF-8"?>
<testng-results total="4" passed="4" failed="0" skipped="0">
  <reporter-output>
  </reporter-output>
  <suite started-at="2022-08-12T00:09:36Z" name="Suite" finished-at="2022-08-12T00:09:56Z" duration-ms="20056">
    <groups>
      <group name="regression">
        <method signature="StandardSigninScript.lockedOutUserLogin()[pri:2, instance:script.StandardSigninScript@34f6515b]" name="lockedOutUserLogin" class="script.StandardSigninScript"/>
        <method signature="StandardSigninScript.performanceGlitchUserLogin()[pri:4, instance:script.StandardSigninScript@34f6515b]" name="performanceGlitchUserLogin" class="script.StandardSigninScript"/>
        <method signature="StandardSigninScript.problemUserLogin()[pri:3, instance:script.StandardSigninScript@34f6515b]" name="problemUserLogin" class="script.StandardSigninScript"/>
        <method signature="StandardSigninScript.standardUserLogin()[pri:1, instance:script.StandardSigninScript@34f6515b]" name="standardUserLogin" class="script.StandardSigninScript"/>
      </group> <!-- regression -->
      <group name="smoke">
        <method signature="StandardSigninScript.problemUserLogin()[pri:3, instance:script.StandardSigninScript@34f6515b]" name="problemUserLogin" class="script.StandardSigninScript"/>
        <method signature="StandardSigninScript.standardUserLogin()[pri:1, instance:script.StandardSigninScript@34f6515b]" name="standardUserLogin" class="script.StandardSigninScript"/>
      </group> <!-- smoke -->
      <group name="sanity">
        <method signature="StandardSigninScript.lockedOutUserLogin()[pri:2, instance:script.StandardSigninScript@34f6515b]" name="lockedOutUserLogin" class="script.StandardSigninScript"/>
        <method signature="StandardSigninScript.standardUserLogin()[pri:1, instance:script.StandardSigninScript@34f6515b]" name="standardUserLogin" class="script.StandardSigninScript"/>
      </group> <!-- sanity -->
    </groups>
    <test started-at="2022-08-12T00:09:36Z" name="Test" finished-at="2022-08-12T00:09:56Z" duration-ms="20056">
      <class name="script.StandardSigninScript">
        <test-method is-config="true" signature="initialization()[pri:0, instance:script.StandardSigninScript@34f6515b]" started-at="2022-08-11T20:09:36Z" name="initialization" finished-at="2022-08-11T20:09:42Z" duration-ms="6283" status="PASS">
          <reporter-output>
          </reporter-output>
        </test-method> <!-- initialization -->
        <test-method is-config="true" signature="refreshPage()[pri:0, instance:script.StandardSigninScript@34f6515b]" started-at="2022-08-11T20:09:42Z" name="refreshPage" finished-at="2022-08-11T20:09:42Z" duration-ms="434" status="PASS">
          <reporter-output>
          </reporter-output>
        </test-method> <!-- refreshPage -->
        <test-method signature="standardUserLogin()[pri:1, instance:script.StandardSigninScript@34f6515b]" started-at="2022-08-11T20:09:42Z" name="standardUserLogin" finished-at="2022-08-11T20:09:46Z" duration-ms="3692" status="PASS">
          <reporter-output>
          </reporter-output>
        </test-method> <!-- standardUserLogin -->
        <test-method is-config="true" signature="refreshPage()[pri:0, instance:script.StandardSigninScript@34f6515b]" started-at="2022-08-11T20:09:46Z" name="refreshPage" finished-at="2022-08-11T20:09:46Z" duration-ms="489" status="PASS">
          <reporter-output>
          </reporter-output>
        </test-method> <!-- refreshPage -->
        <test-method signature="lockedOutUserLogin()[pri:2, instance:script.StandardSigninScript@34f6515b]" started-at="2022-08-11T20:09:46Z" name="lockedOutUserLogin" finished-at="2022-08-11T20:09:48Z" duration-ms="1141" status="PASS">
          <reporter-output>
          </reporter-output>
        </test-method> <!-- lockedOutUserLogin -->
        <test-method is-config="true" signature="refreshPage()[pri:0, instance:script.StandardSigninScript@34f6515b]" started-at="2022-08-11T20:09:48Z" name="refreshPage" finished-at="2022-08-11T20:09:48Z" duration-ms="468" status="PASS">
          <reporter-output>
          </reporter-output>
        </test-method> <!-- refreshPage -->
        <test-method signature="problemUserLogin()[pri:3, instance:script.StandardSigninScript@34f6515b]" started-at="2022-08-11T20:09:48Z" name="problemUserLogin" finished-at="2022-08-11T20:09:49Z" duration-ms="1005" status="PASS">
          <reporter-output>
          </reporter-output>
        </test-method> <!-- problemUserLogin -->
        <test-method is-config="true" signature="refreshPage()[pri:0, instance:script.StandardSigninScript@34f6515b]" started-at="2022-08-11T20:09:49Z" name="refreshPage" finished-at="2022-08-11T20:09:49Z" duration-ms="326" status="PASS">
          <reporter-output>
          </reporter-output>
        </test-method> <!-- refreshPage -->
        <test-method signature="performanceGlitchUserLogin()[pri:4, instance:script.StandardSigninScript@34f6515b]" started-at="2022-08-11T20:09:49Z" name="performanceGlitchUserLogin" finished-at="2022-08-11T20:09:56Z" duration-ms="6160" status="PASS">
          <reporter-output>
          </reporter-output>
        </test-method> <!-- performanceGlitchUserLogin -->
      </class> <!-- script.StandardSigninScript -->
    </test> <!-- Test -->
  </suite> <!-- Suite -->
</testng-results>
